This file contains any messages produced by compilers while
running configure, to aid debugging if configure makes a mistake.

configure:556: checking for gcc
configure:669: checking whether the C compiler (gcc  ) works
configure:685: gcc -o conftest    conftest.c  1>&5
configure:711: checking whether the C compiler (gcc  ) is a cross-compiler
configure:716: checking whether we are using GNU C
configure:725: gcc -E conftest.c
configure:744: checking whether gcc accepts -g
configure:778: checking whether the C compiler (gcc) understands C++
configure:786: rm conftest; gcc -o conftest conftest.C; test -f ./conftest
rm: cannot remove `conftest': No such file or directory
configure:807: checking for c++
configure:839: checking whether the C++ compiler (gcc  ) works
configure:855: gcc -o conftest    conftest.C  1>&5
configure:881: checking whether the C++ compiler (gcc  ) is a cross-compiler
configure:886: checking whether we are using GNU C++
configure:895: gcc -E conftest.C
configure:914: checking whether gcc accepts -g
configure:950: checking for gcc
configure:1063: checking whether the C compiler (gcc -g -O2 ) works
configure:1079: gcc -o conftest -g -O2   conftest.c  1>&5
configure:1105: checking whether the C compiler (gcc -g -O2 ) is a cross-compiler
configure:1110: checking whether we are using GNU C
configure:1138: checking whether gcc accepts -g
configure:1176: checking whether the C++ compiler (gcc) accepts no_rtti
configure:1185: gcc -c -fno-rtti -g -O2  conftest.C 1>&5
configure:1202: checking whether the C++ compiler (gcc) accepts no_exceptions
configure:1211: gcc -c -fno-exceptions -fno-rtti -g -O2  conftest.C 1>&5
configure:1259: checking whether the C++ compiler (gcc) accepts warn_xxx
configure:1268: gcc -c -Wall -Wpointer-arith -Wconversion -Wwrite-strings -Wmissing-prototypes -Wmissing-declarations -Winline -Woverloaded-virtual -W -fno-exceptions -fno-rtti -g -O2  conftest.C 1>&5
configure:1285: checking whether the C++ compiler (gcc) accepts permissive
configure:1294: gcc -c -fpermissive -Wall -Wpointer-arith -Wconversion -Wwrite-strings -Wmissing-prototypes -Wmissing-declarations -Winline -Woverloaded-virtual -W -fno-exceptions -fno-rtti -g -O2  conftest.C 1>&5
cc1plus: Invalid option `-fpermissive'
configure: failed program was:
#line 1287 "configure"
#include "confdefs.h"

int main() {

; return 0; }
configure:1316: checking for Cygwin environment
configure:1332: gcc -c -Wall -Wpointer-arith -Wconversion -Wwrite-strings -Wmissing-prototypes -Wmissing-declarations -Winline -Woverloaded-virtual -W -fno-exceptions -fno-rtti -g -O2  conftest.C 1>&5
configure: In function `int main()':
configure:1328: `__CYGWIN32__' undeclared (first use this function)
configure:1328: (Each undeclared identifier is reported only once
configure:1328: for each function it appears in.)
configure:1329: warning: control reaches end of non-void function `main()'
configure: failed program was:
#line 1321 "configure"
#include "confdefs.h"

int main() {

#ifndef __CYGWIN__
#define __CYGWIN__ __CYGWIN32__
#endif
return __CYGWIN__;
; return 0; }
configure:1379: checking for a BSD compatible install
configure:1438: checking for dirent.h that defines DIR
configure:1451: gcc -c -Wall -Wpointer-arith -Wconversion -Wwrite-strings -Wmissing-prototypes -Wmissing-declarations -Winline -Woverloaded-virtual -W -fno-exceptions -fno-rtti -g -O2  conftest.C 1>&5
configure: In function `int main()':
configure:1447: warning: unused variable `struct DIR * dirp'
configure:1476: checking for opendir in -ldir
configure:1498: gcc -o conftest -Wall -Wpointer-arith -Wconversion -Wwrite-strings -Wmissing-prototypes -Wmissing-declarations -Winline -Woverloaded-virtual -W -fno-exceptions -fno-rtti -g -O2   conftest.C -ldir   1>&5
/usr/bin/ld: cannot open -ldir: No such file or directory
collect2: ld returned 1 exit status
configure: failed program was:
#line 1484 "configure"
#include "confdefs.h"
/* Override any gcc2 internal prototype to avoid an error.  */
#ifdef __cplusplus
extern "C"
#endif
/* We use char because int might match the return type of a gcc2
    builtin and then its argument prototype would still apply.  */
char opendir();

int main() {
opendir()
; return 0; }
configure:1565: checking for sys/wait.h that is POSIX.1 compatible
configure:1586: gcc -c -Wall -Wpointer-arith -Wconversion -Wwrite-strings -Wmissing-prototypes -Wmissing-declarations -Winline -Woverloaded-virtual -W -fno-exceptions -fno-rtti -g -O2  conftest.C 1>&5
configure:1607: checking how to run the C++ preprocessor
configure:1625: gcc -E  conftest.C >/dev/null 2>conftest.out
configure:1653: checking for fcntl.h
configure:1663: gcc -E  conftest.C >/dev/null 2>conftest.out
configure:1653: checking for limits.h
configure:1663: gcc -E  conftest.C >/dev/null 2>conftest.out
configure:1653: checking for strings.h
configure:1663: gcc -E  conftest.C >/dev/null 2>conftest.out
configure:1653: checking for sys/ioctl.h
configure:1663: gcc -E  conftest.C >/dev/null 2>conftest.out
configure:1653: checking for sys/time.h
configure:1663: gcc -E  conftest.C >/dev/null 2>conftest.out
configure:1653: checking for unistd.h
configure:1663: gcc -E  conftest.C >/dev/null 2>conftest.out
configure:1694: checking for kstat.h
configure:1704: gcc -E  conftest.C >/dev/null 2>conftest.out
configure:1700: kstat.h: No such file or directory
configure: failed program was:
#line 1699 "configure"
#include "confdefs.h"
#include <kstat.h>
configure:1758: checking for ANSI C header files
configure:1771: gcc -E  conftest.C >/dev/null 2>conftest.out
configure:1841: gcc -o conftest -Wall -Wpointer-arith -Wconversion -Wwrite-strings -Wmissing-prototypes -Wmissing-declarations -Winline -Woverloaded-virtual -W -fno-exceptions -fno-rtti -g -O2   conftest.C  1>&5
configure:1865: checking for size_t
configure:1898: checking whether time.h and sys/time.h may both be included
configure:1912: gcc -c -Wall -Wpointer-arith -Wconversion -Wwrite-strings -Wmissing-prototypes -Wmissing-declarations -Winline -Woverloaded-virtual -W -fno-exceptions -fno-rtti -g -O2  conftest.C 1>&5
configure: In function `int main()':
configure:1908: warning: unused variable `struct tm * tp'
configure:1933: checking whether struct tm is in sys/time.h or time.h
configure:1946: gcc -c -Wall -Wpointer-arith -Wconversion -Wwrite-strings -Wmissing-prototypes -Wmissing-declarations -Winline -Woverloaded-virtual -W -fno-exceptions -fno-rtti -g -O2  conftest.C 1>&5
configure: In function `int main()':
configure:1942: warning: statement with no effect
configure:1968: checking return type of signal handlers
configure:1990: gcc -c -Wall -Wpointer-arith -Wconversion -Wwrite-strings -Wmissing-prototypes -Wmissing-declarations -Winline -Woverloaded-virtual -W -fno-exceptions -fno-rtti -g -O2  conftest.C 1>&5
configure: In function `int main()':
configure:1986: warning: unused variable `int i'
configure:2009: checking for strftime
configure:2040: gcc -o conftest -Wall -Wpointer-arith -Wconversion -Wwrite-strings -Wmissing-prototypes -Wmissing-declarations -Winline -Woverloaded-virtual -W -fno-exceptions -fno-rtti -g -O2   conftest.C  1>&5
configure:2111: checking for vprintf
configure:2142: gcc -o conftest -Wall -Wpointer-arith -Wconversion -Wwrite-strings -Wmissing-prototypes -Wmissing-declarations -Winline -Woverloaded-virtual -W -fno-exceptions -fno-rtti -g -O2   conftest.C  1>&5
configure:2224: checking for gettimeofday
configure:2255: gcc -o conftest -Wall -Wpointer-arith -Wconversion -Wwrite-strings -Wmissing-prototypes -Wmissing-declarations -Winline -Woverloaded-virtual -W -fno-exceptions -fno-rtti -g -O2   conftest.C  1>&5
configure:2224: checking for putenv
configure:2255: gcc -o conftest -Wall -Wpointer-arith -Wconversion -Wwrite-strings -Wmissing-prototypes -Wmissing-declarations -Winline -Woverloaded-virtual -W -fno-exceptions -fno-rtti -g -O2   conftest.C  1>&5
configure:2224: checking for select
configure:2255: gcc -o conftest -Wall -Wpointer-arith -Wconversion -Wwrite-strings -Wmissing-prototypes -Wmissing-declarations -Winline -Woverloaded-virtual -W -fno-exceptions -fno-rtti -g -O2   conftest.C  1>&5
configure:2224: checking for socket
configure:2255: gcc -o conftest -Wall -Wpointer-arith -Wconversion -Wwrite-strings -Wmissing-prototypes -Wmissing-declarations -Winline -Woverloaded-virtual -W -fno-exceptions -fno-rtti -g -O2   conftest.C  1>&5
configure:2224: checking for strtol
configure:2255: gcc -o conftest -Wall -Wpointer-arith -Wconversion -Wwrite-strings -Wmissing-prototypes -Wmissing-declarations -Winline -Woverloaded-virtual -W -fno-exceptions -fno-rtti -g -O2   conftest.C  1>&5
configure:2224: checking for strtoul
configure:2255: gcc -o conftest -Wall -Wpointer-arith -Wconversion -Wwrite-strings -Wmissing-prototypes -Wmissing-declarations -Winline -Woverloaded-virtual -W -fno-exceptions -fno-rtti -g -O2   conftest.C  1>&5
configure:2280: checking types of arguments for select()
configure:2313: gcc -c -Wall -Wpointer-arith -Wconversion -Wwrite-strings -Wmissing-prototypes -Wmissing-declarations -Winline -Woverloaded-virtual -W -fno-exceptions -fno-rtti -g -O2  conftest.C 1>&5
configure:2307: warning: return-type of `select' defaults to `int'
configure:2357: checking for X
configure:2671: checking for dnet_ntoa in -ldnet
configure:2693: gcc -o conftest -Wall -Wpointer-arith -Wconversion -Wwrite-strings -Wmissing-prototypes -Wmissing-declarations -Winline -Woverloaded-virtual -W -fno-exceptions -fno-rtti -g -O2   conftest.C -ldnet   1>&5
/usr/bin/ld: cannot open -ldnet: No such file or directory
collect2: ld returned 1 exit status
configure: failed program was:
#line 2679 "configure"
#include "confdefs.h"
/* Override any gcc2 internal prototype to avoid an error.  */
#ifdef __cplusplus
extern "C"
#endif
/* We use char because int might match the return type of a gcc2
    builtin and then its argument prototype would still apply.  */
char dnet_ntoa();

int main() {
dnet_ntoa()
; return 0; }
configure:2715: checking for dnet_ntoa in -ldnet_stub
configure:2737: gcc -o conftest -Wall -Wpointer-arith -Wconversion -Wwrite-strings -Wmissing-prototypes -Wmissing-declarations -Winline -Woverloaded-virtual -W -fno-exceptions -fno-rtti -g -O2   conftest.C -ldnet_stub   1>&5
/usr/bin/ld: cannot open -ldnet_stub: No such file or directory
collect2: ld returned 1 exit status
configure: failed program was:
#line 2723 "configure"
#include "confdefs.h"
/* Override any gcc2 internal prototype to avoid an error.  */
#ifdef __cplusplus
extern "C"
#endif
/* We use char because int might match the return type of a gcc2
    builtin and then its argument prototype would still apply.  */
char dnet_ntoa();

int main() {
dnet_ntoa()
; return 0; }
configure:2766: checking for gethostbyname
configure:2797: gcc -o conftest -Wall -Wpointer-arith -Wconversion -Wwrite-strings -Wmissing-prototypes -Wmissing-declarations -Winline -Woverloaded-virtual -W -fno-exceptions -fno-rtti -g -O2   conftest.C  1>&5
configure:2870: checking for connect
configure:2901: gcc -o conftest -Wall -Wpointer-arith -Wconversion -Wwrite-strings -Wmissing-prototypes -Wmissing-declarations -Winline -Woverloaded-virtual -W -fno-exceptions -fno-rtti -g -O2   conftest.C  1>&5
configure:2968: checking for remove
configure:2999: gcc -o conftest -Wall -Wpointer-arith -Wconversion -Wwrite-strings -Wmissing-prototypes -Wmissing-declarations -Winline -Woverloaded-virtual -W -fno-exceptions -fno-rtti -g -O2   conftest.C  1>&5
configure:3066: checking for shmat
configure:3097: gcc -o conftest -Wall -Wpointer-arith -Wconversion -Wwrite-strings -Wmissing-prototypes -Wmissing-declarations -Winline -Woverloaded-virtual -W -fno-exceptions -fno-rtti -g -O2   conftest.C  1>&5
configure:3173: checking for IceConnectionNumber in -lICE
configure:3195: gcc -o conftest -Wall -Wpointer-arith -Wconversion -Wwrite-strings -Wmissing-prototypes -Wmissing-declarations -Winline -Woverloaded-virtual -W -fno-exceptions -fno-rtti -g -O2   -L/usr/X11R6/lib conftest.C -lICE   1>&5
configure:3272: checking for XInternAtoms in -lX11
configure:3294: gcc -o conftest -Wall -Wpointer-arith -Wconversion -Wwrite-strings -Wmissing-prototypes -Wmissing-declarations -Winline -Woverloaded-virtual -W -fno-exceptions -fno-rtti -g -O2  -I/usr/X11R6/include   conftest.C -lX11   -L/usr/X11R6/lib  -lSM -lICE -lX11   1>&5
configure:3329: checking for IceConnectionNumber in -lICE
configure:3392: checking for XShapeCombineRectangles in -lXext
configure:3414: gcc -o conftest -Wall -Wpointer-arith -Wconversion -Wwrite-strings -Wmissing-prototypes -Wmissing-declarations -Winline -Woverloaded-virtual -W -fno-exceptions -fno-rtti -g -O2  -I/usr/X11R6/include   conftest.C -lXext   -L/usr/X11R6/lib  -lSM -lICE -lX11   1>&5
configure:3556: checking for XpmReadFileToPixmap in -lXpm
configure:3578: gcc -o conftest -Wall -Wpointer-arith -Wconversion -Wwrite-strings -Wmissing-prototypes -Wmissing-declarations -Winline -Woverloaded-virtual -W -fno-exceptions -fno-rtti -g -O2  -I/usr/X11R6/include   conftest.C -lXpm   -L/usr/X11R6/lib  -lSM -lICE -lX11   1>&5
